28-08-2018 15:58:02.820 [main] INFO  demo.SpringLoggAppApplication.logStarting - Starting SpringLoggAppApplication on ARDOSL000007 with PID 4556 (D:\training\cts\microservices\Spring-loggApp\target\classes started by Sandeep in D:\training\cts\microservices\Spring-loggApp)
28-08-2018 15:58:02.846 [main] DEBUG demo.SpringLoggAppApplication.logStarting - Running with Spring Boot v2.0.4.RELEASE, Spring v5.0.8.RELEASE
28-08-2018 15:58:02.849 [main] INFO  demo.SpringLoggAppApplication.logStartupProfileInfo - The following profiles are active: dev
28-08-2018 15:58:03.076 [main] INFO  o.s.b.w.s.c.AnnotationConfigServletWebServerApplicationContext.prepareRefresh - Refreshing org.springframework.boot.web.servlet.context.AnnotationConfigServletWebServerApplicationContext@7334aada: startup date [Tue Aug 28 15:58:03 IST 2018]; root of context hierarchy
28-08-2018 15:58:07.182 [main] INFO  o.s.b.w.e.tomcat.TomcatWebServer.initialize - Tomcat initialized with port(s): 8080 (http)
28-08-2018 15:58:07.262 [main] INFO  o.a.coyote.http11.Http11NioProtocol.log - Initializing ProtocolHandler ["http-nio-8080"]
28-08-2018 15:58:07.284 [main] INFO  o.a.catalina.core.StandardService.log - Starting service [Tomcat]
28-08-2018 15:58:07.285 [main] INFO  o.a.catalina.core.StandardEngine.log - Starting Servlet Engine: Apache Tomcat/8.5.32
28-08-2018 15:58:07.302 [localhost-startStop-1] INFO  o.a.c.core.AprLifecycleListener.log - Loaded APR based Apache Tomcat Native library [1.2.17] using APR version [1.6.3].
28-08-2018 15:58:07.303 [localhost-startStop-1] INFO  o.a.c.core.AprLifecycleListener.log - APR capabilities: IPv6 [true], sendfile [true], accept filters [false], random [true].
28-08-2018 15:58:07.303 [localhost-startStop-1] INFO  o.a.c.core.AprLifecycleListener.log - APR/OpenSSL configuration: useAprConnector [false], useOpenSSL [true]
28-08-2018 15:58:08.360 [localhost-startStop-1] INFO  o.a.c.core.AprLifecycleListener.log - OpenSSL successfully initialized [OpenSSL 1.0.2o  27 Mar 2018]
28-08-2018 15:58:08.613 [localhost-startStop-1] INFO  o.a.c.c.C.[Tomcat].[localhost].[/].log - Initializing Spring embedded WebApplicationContext
28-08-2018 15:58:08.615 [localhost-startStop-1] INFO  o.s.web.context.ContextLoader.prepareWebApplicationContext - Root WebApplicationContext: initialization completed in 5545 ms
28-08-2018 15:58:08.791 [localhost-startStop-1] INFO  o.s.b.w.s.ServletRegistrationBean.addRegistration - Servlet dispatcherServlet mapped to [/]
28-08-2018 15:58:08.798 [localhost-startStop-1] INFO  o.s.b.w.s.FilterRegistrationBean.configure - Mapping filter: 'characterEncodingFilter' to: [/*]
28-08-2018 15:58:08.799 [localhost-startStop-1] INFO  o.s.b.w.s.FilterRegistrationBean.configure - Mapping filter: 'hiddenHttpMethodFilter' to: [/*]
28-08-2018 15:58:08.800 [localhost-startStop-1] INFO  o.s.b.w.s.FilterRegistrationBean.configure - Mapping filter: 'httpPutFormContentFilter' to: [/*]
28-08-2018 15:58:08.800 [localhost-startStop-1] INFO  o.s.b.w.s.FilterRegistrationBean.configure - Mapping filter: 'requestContextFilter' to: [/*]
28-08-2018 15:58:09.124 [main] INFO  o.s.w.s.h.SimpleUrlHandlerMapping.registerHandler - Mapped URL path [/**/favicon.ico] onto handler of type [class org.springframework.web.servlet.resource.ResourceHttpRequestHandler]
28-08-2018 15:58:09.597 [main] INFO  o.s.w.s.m.m.a.RequestMappingHandlerAdapter.initControllerAdviceCache - Looking for @ControllerAdvice: org.springframework.boot.web.servlet.context.AnnotationConfigServletWebServerApplicationContext@7334aada: startup date [Tue Aug 28 15:58:03 IST 2018]; root of context hierarchy
28-08-2018 15:58:09.742 [main] INFO  o.s.w.s.m.m.a.RequestMappingHandlerMapping.register - Mapped "{[/error]}" onto public org.springframework.http.ResponseEntity<java.util.Map<java.lang.String, java.lang.Object>> org.springframework.boot.autoconfigure.web.servlet.error.BasicErrorController.error(javax.servlet.http.HttpServletRequest)
28-08-2018 15:58:09.745 [main] INFO  o.s.w.s.m.m.a.RequestMappingHandlerMapping.register - Mapped "{[/error],produces=[text/html]}" onto public org.springframework.web.servlet.ModelAndView org.springframework.boot.autoconfigure.web.servlet.error.BasicErrorController.errorHtml(javax.servlet.http.HttpServletRequest,javax.servlet.http.HttpServletResponse)
28-08-2018 15:58:09.804 [main] INFO  o.s.w.s.h.SimpleUrlHandlerMapping.registerHandler - Mapped URL path [/webjars/**] onto handler of type [class org.springframework.web.servlet.resource.ResourceHttpRequestHandler]
28-08-2018 15:58:09.805 [main] INFO  o.s.w.s.h.SimpleUrlHandlerMapping.registerHandler - Mapped URL path [/**] onto handler of type [class org.springframework.web.servlet.resource.ResourceHttpRequestHandler]
28-08-2018 15:58:10.292 [main] INFO  o.s.j.e.a.AnnotationMBeanExporter.afterSingletonsInstantiated - Registering beans for JMX exposure on startup
28-08-2018 15:58:10.333 [main] INFO  o.a.coyote.http11.Http11NioProtocol.log - Starting ProtocolHandler ["http-nio-8080"]
28-08-2018 15:58:10.354 [main] INFO  o.a.tomcat.util.net.NioSelectorPool.log - Using a shared selector for servlet write/read
28-08-2018 15:58:10.395 [main] INFO  o.s.b.w.e.tomcat.TomcatWebServer.start - Tomcat started on port(s): 8080 (http) with context path ''
28-08-2018 15:58:10.403 [main] INFO  demo.SpringLoggAppApplication.logStarted - Started SpringLoggAppApplication in 8.47 seconds (JVM running for 9.694)
28-08-2018 15:58:10.406 [main] DEBUG demo.MyServiceImpl.doStuff - doStuff needed to debug - value
28-08-2018 15:58:10.407 [main] INFO  demo.MyServiceImpl.doStuff - doStuff took input - value
28-08-2018 15:58:10.409 [main] WARN  demo.MyServiceImpl.doStuff - doStuff needed to warn - value
28-08-2018 15:58:10.410 [main] ERROR demo.MyServiceImpl.doStuff - doStuff encountered an error with value - value
